Building DAG of jobs...
Using shell: /bin/bash
Provided cores: 1 (use --cores to define parallelism)
Rules claiming more threads will be scaled down.
Job counts:
	count	jobs
	1	catenate_coverages
	1
Select jobs to execute...

[Mon Feb  8 08:24:56 2021]
rule catenate_coverages:
    input: coverage/samples/CHLFAR1_cov_full.tsv, coverage/samples/CHLFAR1_cov_thin.tsv, coverage/samples/CHLFAR2_cov_full.tsv, coverage/samples/CHLFAR2_cov_thin.tsv, coverage/samples/CHLFAR3_cov_full.tsv, coverage/samples/CHLFAR3_cov_thin.tsv, coverage/samples/CHLFAR4_cov_full.tsv, coverage/samples/CHLFAR4_cov_thin.tsv, coverage/samples/CHLFAR5_cov_full.tsv, coverage/samples/CHLFAR5_cov_thin.tsv
    output: coverage/all_coverages.tsv
    jobid: 0

[Mon Feb  8 08:24:56 2021]
Error in rule catenate_coverages:
    jobid: 0
    output: coverage/all_coverages.tsv
    shell:
        echo"genome_condition	sample	chrom	start	stop	target" > coverage/all_coverages.tsv
        (one of the commands exited with non-zero exit code; note that snakemake uses bash strict mode!)

Removing output files of failed job catenate_coverages since they might be corrupted:
coverage/all_coverages.tsv
Shutting down, this might take some time.
Exiting because a job execution failed. Look above for error message
Complete log: /Users/eriq/Documents/git-repos/mega-simple-microhap-snakeflow/.snakemake/log/2021-02-08T082455.950774.snakemake.log
