Building DAG of jobs...
Deleting coverage/all_coverages.tsv
Deleting coverage/samples/CHLFAR1_cov_full.tsv
Deleting bedfiles/regions_full.bed
Deleting extracted_reads/CHLFAR1.bam
Deleting extracted_reads/CHLFAR1.bam.bai
Deleting mapped_reads/CHLFAR1.bam
Deleting mapped_reads/CHLFAR1.bam.bai
Deleting coverage/samples/CHLFAR1_cov_thin.tsv
Deleting bedfiles/regions_thin.bed
Deleting mapped_reads_thin/CHLFAR1.bam
Deleting thinned_genome/thinned.fa
Deleting thinned_genome/thinned.fa.fai
Deleting thinned_genome/thinned.fa.bwt
Deleting coverage/samples/CHLFAR2_cov_full.tsv
Deleting extracted_reads/CHLFAR2.bam
Deleting extracted_reads/CHLFAR2.bam.bai
Deleting mapped_reads/CHLFAR2.bam
Deleting mapped_reads/CHLFAR2.bam.bai
Deleting coverage/samples/CHLFAR2_cov_thin.tsv
Deleting mapped_reads_thin/CHLFAR2.bam
Deleting coverage/samples/CHLFAR3_cov_full.tsv
Deleting extracted_reads/CHLFAR3.bam
Deleting extracted_reads/CHLFAR3.bam.bai
Deleting mapped_reads/CHLFAR3.bam
Deleting mapped_reads/CHLFAR3.bam.bai
Deleting coverage/samples/CHLFAR3_cov_thin.tsv
Deleting mapped_reads_thin/CHLFAR3.bam
Deleting coverage/samples/CHLFAR4_cov_full.tsv
Deleting extracted_reads/CHLFAR4.bam
Deleting extracted_reads/CHLFAR4.bam.bai
Deleting mapped_reads/CHLFAR4.bam
Deleting mapped_reads/CHLFAR4.bam.bai
Deleting coverage/samples/CHLFAR4_cov_thin.tsv
Deleting mapped_reads_thin/CHLFAR4.bam
Deleting coverage/samples/CHLFAR5_cov_full.tsv
Deleting extracted_reads/CHLFAR5.bam
Deleting extracted_reads/CHLFAR5.bam.bai
Deleting mapped_reads/CHLFAR5.bam
Deleting mapped_reads/CHLFAR5.bam.bai
Deleting coverage/samples/CHLFAR5_cov_thin.tsv
Deleting mapped_reads_thin/CHLFAR5.bam
