Building DAG of jobs...
Using shell: /bin/bash
Provided cores: 8
Rules claiming more threads will be scaled down.
Job counts:
	count	jobs
	5	bwa_map
	5	bwa_map_thinned
	1	catenate_coverages
	5	coverage_full
	5	coverage_thin
	5	extract_regions
	1	make_thinned_genome
	1	region_bedfiles_full
	1	region_bedfiles_thin
	29
Select jobs to execute...

[Mon Feb  8 08:38:12 2021]
rule bwa_map:
    input: genome/Otsh_v1.0_genomic.fna, data/fastq/CHLFAR3.extendedFrags.fastq.gz
    output: mapped_reads/CHLFAR3.bam, mapped_reads/CHLFAR3.bam.bai
    log: logs/bwa_map/CHLFAR3.log
    jobid: 16
    benchmark: benchmarks/bwa_map/CHLFAR3.benchmark.txt
    wildcards: sample=CHLFAR3


[Mon Feb  8 08:38:12 2021]
rule region_bedfiles_full:
    output: bedfiles/regions_full.bed
    jobid: 2


[Mon Feb  8 08:38:12 2021]
rule bwa_map:
    input: genome/Otsh_v1.0_genomic.fna, data/fastq/CHLFAR1.extendedFrags.fastq.gz
    output: mapped_reads/CHLFAR1.bam, mapped_reads/CHLFAR1.bam.bai
    log: logs/bwa_map/CHLFAR1.log
    jobid: 4
    benchmark: benchmarks/bwa_map/CHLFAR1.benchmark.txt
    wildcards: sample=CHLFAR1


[Mon Feb  8 08:38:12 2021]
rule make_thinned_genome:
    input: genome/Otsh_v1.0_genomic.fna
    output: thinned_genome/thinned.fa, thinned_genome/thinned.fa.fai, thinned_genome/thinned.fa.bwt
    jobid: 8

[Mon Feb  8 08:38:12 2021]
Finished job 2.
1 of 29 steps (3%) done

[Mon Feb  8 08:38:12 2021]
rule bwa_map:
    input: genome/Otsh_v1.0_genomic.fna, data/fastq/CHLFAR5.extendedFrags.fastq.gz
    output: mapped_reads/CHLFAR5.bam, mapped_reads/CHLFAR5.bam.bai
    log: logs/bwa_map/CHLFAR5.log
    jobid: 26
    benchmark: benchmarks/bwa_map/CHLFAR5.benchmark.txt
    wildcards: sample=CHLFAR5


[Mon Feb  8 08:38:12 2021]
rule bwa_map:
    input: genome/Otsh_v1.0_genomic.fna, data/fastq/CHLFAR4.extendedFrags.fastq.gz
    output: mapped_reads/CHLFAR4.bam, mapped_reads/CHLFAR4.bam.bai
    log: logs/bwa_map/CHLFAR4.log
    jobid: 21
    benchmark: benchmarks/bwa_map/CHLFAR4.benchmark.txt
    wildcards: sample=CHLFAR4


[Mon Feb  8 08:38:12 2021]
rule bwa_map:
    input: genome/Otsh_v1.0_genomic.fna, data/fastq/CHLFAR2.extendedFrags.fastq.gz
    output: mapped_reads/CHLFAR2.bam, mapped_reads/CHLFAR2.bam.bai
    log: logs/bwa_map/CHLFAR2.log
    jobid: 11
    benchmark: benchmarks/bwa_map/CHLFAR2.benchmark.txt
    wildcards: sample=CHLFAR2

[Mon Feb  8 08:38:12 2021]
Finished job 8.
2 of 29 steps (7%) done
Select jobs to execute...

[Mon Feb  8 08:38:12 2021]
rule bwa_map_thinned:
    input: thinned_genome/thinned.fa, data/fastq/CHLFAR2.extendedFrags.fastq.gz
    output: mapped_reads_thin/CHLFAR2.bam
    log: logs/bwa_map_thinned/CHLFAR2.log
    jobid: 13
    benchmark: benchmarks/bwa_map_thinned/CHLFAR2.benchmark.txt
    wildcards: sample=CHLFAR2


[Mon Feb  8 08:38:12 2021]
rule bwa_map_thinned:
    input: thinned_genome/thinned.fa, data/fastq/CHLFAR5.extendedFrags.fastq.gz
    output: mapped_reads_thin/CHLFAR5.bam
    log: logs/bwa_map_thinned/CHLFAR5.log
    jobid: 28
    benchmark: benchmarks/bwa_map_thinned/CHLFAR5.benchmark.txt
    wildcards: sample=CHLFAR5


[Mon Feb  8 08:38:12 2021]
rule bwa_map_thinned:
    input: thinned_genome/thinned.fa, data/fastq/CHLFAR3.extendedFrags.fastq.gz
    output: mapped_reads_thin/CHLFAR3.bam
    log: logs/bwa_map_thinned/CHLFAR3.log
    jobid: 18
    benchmark: benchmarks/bwa_map_thinned/CHLFAR3.benchmark.txt
    wildcards: sample=CHLFAR3

[Mon Feb  8 08:38:13 2021]
Finished job 13.
3 of 29 steps (10%) done
Select jobs to execute...

[Mon Feb  8 08:38:13 2021]
rule bwa_map_thinned:
    input: thinned_genome/thinned.fa, data/fastq/CHLFAR1.extendedFrags.fastq.gz
    output: mapped_reads_thin/CHLFAR1.bam
    log: logs/bwa_map_thinned/CHLFAR1.log
    jobid: 7
    benchmark: benchmarks/bwa_map_thinned/CHLFAR1.benchmark.txt
    wildcards: sample=CHLFAR1

[Mon Feb  8 08:38:13 2021]
Finished job 28.
4 of 29 steps (14%) done
Select jobs to execute...

[Mon Feb  8 08:38:13 2021]
rule bwa_map_thinned:
    input: thinned_genome/thinned.fa, data/fastq/CHLFAR4.extendedFrags.fastq.gz
    output: mapped_reads_thin/CHLFAR4.bam
    log: logs/bwa_map_thinned/CHLFAR4.log
    jobid: 23
    benchmark: benchmarks/bwa_map_thinned/CHLFAR4.benchmark.txt
    wildcards: sample=CHLFAR4

[Mon Feb  8 08:38:13 2021]
Finished job 18.
5 of 29 steps (17%) done
[Mon Feb  8 08:38:13 2021]
Finished job 23.
6 of 29 steps (21%) done
[Mon Feb  8 08:38:13 2021]
Finished job 7.
7 of 29 steps (24%) done
Select jobs to execute...

[Mon Feb  8 08:38:13 2021]
rule region_bedfiles_thin:
    input: mapped_reads_thin/CHLFAR1.bam
    output: bedfiles/regions_thin.bed
    jobid: 6

[Mon Feb  8 08:38:13 2021]
Finished job 6.
8 of 29 steps (28%) done
Select jobs to execute...

[Mon Feb  8 08:38:13 2021]
rule coverage_thin:
    input: bedfiles/regions_thin.bed, mapped_reads_thin/CHLFAR5.bam
    output: coverage/samples/CHLFAR5_cov_thin.tsv
    jobid: 27
    wildcards: sample=CHLFAR5


[Mon Feb  8 08:38:13 2021]
rule coverage_thin:
    input: bedfiles/regions_thin.bed, mapped_reads_thin/CHLFAR4.bam
    output: coverage/samples/CHLFAR4_cov_thin.tsv
    jobid: 22
    wildcards: sample=CHLFAR4


[Mon Feb  8 08:38:14 2021]
rule coverage_thin:
    input: bedfiles/regions_thin.bed, mapped_reads_thin/CHLFAR2.bam
    output: coverage/samples/CHLFAR2_cov_thin.tsv
    jobid: 12
    wildcards: sample=CHLFAR2

[Mon Feb  8 08:38:14 2021]
Finished job 22.
9 of 29 steps (31%) done
Select jobs to execute...

[Mon Feb  8 08:38:14 2021]
rule coverage_thin:
    input: bedfiles/regions_thin.bed, mapped_reads_thin/CHLFAR1.bam
    output: coverage/samples/CHLFAR1_cov_thin.tsv
    jobid: 5
    wildcards: sample=CHLFAR1

[Mon Feb  8 08:38:14 2021]
Finished job 12.
10 of 29 steps (34%) done
Select jobs to execute...
[Mon Feb  8 08:38:14 2021]
Finished job 27.
11 of 29 steps (38%) done

[Mon Feb  8 08:38:14 2021]
rule coverage_thin:
    input: bedfiles/regions_thin.bed, mapped_reads_thin/CHLFAR3.bam
    output: coverage/samples/CHLFAR3_cov_thin.tsv
    jobid: 17
    wildcards: sample=CHLFAR3

[Mon Feb  8 08:38:15 2021]
Finished job 5.
12 of 29 steps (41%) done
[Mon Feb  8 08:38:15 2021]
Finished job 17.
13 of 29 steps (45%) done
[Mon Feb  8 08:40:58 2021]
Finished job 21.
14 of 29 steps (48%) done
Select jobs to execute...

[Mon Feb  8 08:40:59 2021]
rule extract_regions:
    input: mapped_reads/CHLFAR4.bam
    output: extracted_reads/CHLFAR4.bam, extracted_reads/CHLFAR4.bam.bai
    jobid: 20
    wildcards: sample=CHLFAR4

[Mon Feb  8 08:40:59 2021]
Finished job 20.
15 of 29 steps (52%) done
Select jobs to execute...

[Mon Feb  8 08:40:59 2021]
rule coverage_full:
    input: bedfiles/regions_full.bed, extracted_reads/CHLFAR4.bam
    output: coverage/samples/CHLFAR4_cov_full.tsv
    jobid: 19
    wildcards: sample=CHLFAR4

[Mon Feb  8 08:40:59 2021]
Finished job 19.
16 of 29 steps (55%) done
[Mon Feb  8 08:41:43 2021]
Finished job 4.
17 of 29 steps (59%) done
Select jobs to execute...

[Mon Feb  8 08:41:44 2021]
rule extract_regions:
    input: mapped_reads/CHLFAR1.bam
    output: extracted_reads/CHLFAR1.bam, extracted_reads/CHLFAR1.bam.bai
    jobid: 3
    wildcards: sample=CHLFAR1

[Mon Feb  8 08:41:44 2021]
Finished job 3.
18 of 29 steps (62%) done
Select jobs to execute...

[Mon Feb  8 08:41:44 2021]
rule coverage_full:
    input: bedfiles/regions_full.bed, extracted_reads/CHLFAR1.bam
    output: coverage/samples/CHLFAR1_cov_full.tsv
    jobid: 1
    wildcards: sample=CHLFAR1

[Mon Feb  8 08:41:44 2021]
Finished job 1.
19 of 29 steps (66%) done
[Mon Feb  8 08:41:47 2021]
Finished job 11.
20 of 29 steps (69%) done
Select jobs to execute...

[Mon Feb  8 08:41:47 2021]
rule extract_regions:
    input: mapped_reads/CHLFAR2.bam
    output: extracted_reads/CHLFAR2.bam, extracted_reads/CHLFAR2.bam.bai
    jobid: 10
    wildcards: sample=CHLFAR2

[Mon Feb  8 08:41:47 2021]
Finished job 10.
21 of 29 steps (72%) done
Select jobs to execute...

[Mon Feb  8 08:41:47 2021]
rule coverage_full:
    input: bedfiles/regions_full.bed, extracted_reads/CHLFAR2.bam
    output: coverage/samples/CHLFAR2_cov_full.tsv
    jobid: 9
    wildcards: sample=CHLFAR2

[Mon Feb  8 08:41:47 2021]
Finished job 9.
22 of 29 steps (76%) done
[Mon Feb  8 08:42:01 2021]
Finished job 16.
23 of 29 steps (79%) done
Select jobs to execute...

[Mon Feb  8 08:42:01 2021]
rule extract_regions:
    input: mapped_reads/CHLFAR3.bam
    output: extracted_reads/CHLFAR3.bam, extracted_reads/CHLFAR3.bam.bai
    jobid: 15
    wildcards: sample=CHLFAR3

[Mon Feb  8 08:42:01 2021]
Finished job 15.
24 of 29 steps (83%) done
Select jobs to execute...

[Mon Feb  8 08:42:01 2021]
rule coverage_full:
    input: bedfiles/regions_full.bed, extracted_reads/CHLFAR3.bam
    output: coverage/samples/CHLFAR3_cov_full.tsv
    jobid: 14
    wildcards: sample=CHLFAR3

[Mon Feb  8 08:42:01 2021]
Finished job 14.
25 of 29 steps (86%) done
[Mon Feb  8 08:42:04 2021]
Finished job 26.
26 of 29 steps (90%) done
Select jobs to execute...

[Mon Feb  8 08:42:04 2021]
rule extract_regions:
    input: mapped_reads/CHLFAR5.bam
    output: extracted_reads/CHLFAR5.bam, extracted_reads/CHLFAR5.bam.bai
    jobid: 25
    wildcards: sample=CHLFAR5

[Mon Feb  8 08:42:04 2021]
Finished job 25.
27 of 29 steps (93%) done
Select jobs to execute...

[Mon Feb  8 08:42:04 2021]
rule coverage_full:
    input: bedfiles/regions_full.bed, extracted_reads/CHLFAR5.bam
    output: coverage/samples/CHLFAR5_cov_full.tsv
    jobid: 24
    wildcards: sample=CHLFAR5

[Mon Feb  8 08:42:04 2021]
Finished job 24.
28 of 29 steps (97%) done
Select jobs to execute...

[Mon Feb  8 08:42:04 2021]
rule catenate_coverages:
    input: coverage/samples/CHLFAR1_cov_full.tsv, coverage/samples/CHLFAR1_cov_thin.tsv, coverage/samples/CHLFAR2_cov_full.tsv, coverage/samples/CHLFAR2_cov_thin.tsv, coverage/samples/CHLFAR3_cov_full.tsv, coverage/samples/CHLFAR3_cov_thin.tsv, coverage/samples/CHLFAR4_cov_full.tsv, coverage/samples/CHLFAR4_cov_thin.tsv, coverage/samples/CHLFAR5_cov_full.tsv, coverage/samples/CHLFAR5_cov_thin.tsv
    output: coverage/all_coverages.tsv
    jobid: 0

[Mon Feb  8 08:42:04 2021]
Finished job 0.
29 of 29 steps (100%) done
Complete log: /Users/eriq/Documents/git-repos/mega-simple-microhap-snakeflow/.snakemake/log/2021-02-08T083812.206701.snakemake.log
